proguard/seeds.txt
com.shinymetal.gradereport.AbstractActivity
com.shinymetal.gradereport.AbstractActivity: AbstractActivity()
com.shinymetal.gradereport.AlarmReceiver
com.shinymetal.gradereport.AlarmReceiver: AlarmReceiver()
com.shinymetal.gradereport.BootEventReceiver
com.shinymetal.gradereport.BootEventReceiver: BootEventReceiver()
com.shinymetal.gradereport.DiaryActivity
com.shinymetal.gradereport.DiaryActivity: DiaryActivity()
com.shinymetal.gradereport.DiaryActivity: boolean onOptionsItemSelected(android.view.MenuItem)
com.shinymetal.gradereport.DiaryUpdateService
com.shinymetal.gradereport.DiaryUpdateService: DiaryUpdateService()
com.shinymetal.gradereport.GradesActivity
com.shinymetal.gradereport.GradesActivity: GradesActivity()
com.shinymetal.gradereport.GradesActivity: boolean onOptionsItemSelected(android.view.MenuItem)
com.shinymetal.gradereport.LogActivity
com.shinymetal.gradereport.LogActivity: LogActivity()
com.shinymetal.gradereport.PreferencesActivity
com.shinymetal.gradereport.PreferencesActivity: PreferencesActivity()
com.shinymetal.gradereport.R$array: int logTypeArray
com.shinymetal.gradereport.R$array: int logTypeValues
com.shinymetal.gradereport.R$array: int syncArray
com.shinymetal.gradereport.R$array: int syncValues
com.shinymetal.gradereport.R$dimen: int activity_horizontal_margin
com.shinymetal.gradereport.R$dimen: int activity_vertical_margin
com.shinymetal.gradereport.R$drawable: int ic_11_alerts_and_states_warning
com.shinymetal.gradereport.R$drawable: int ic_4_collections_view_as_list
com.shinymetal.gradereport.R$drawable: int ic_5_content_event
com.shinymetal.gradereport.R$drawable: int ic_action_go_to_today
com.shinymetal.gradereport.R$drawable: int ic_action_next_item
com.shinymetal.gradereport.R$drawable: int ic_action_person
com.shinymetal.gradereport.R$drawable: int ic_action_previous_item
com.shinymetal.gradereport.R$drawable: int ic_action_refresh
com.shinymetal.gradereport.R$drawable: int ic_action_settings
com.shinymetal.gradereport.R$drawable: int ic_launcher
com.shinymetal.gradereport.R$drawable: int splash
com.shinymetal.gradereport.R$id: int ScrollViewDetail
com.shinymetal.gradereport.R$id: int action_diary
com.shinymetal.gradereport.R$id: int action_grades
com.shinymetal.gradereport.R$id: int action_logs
com.shinymetal.gradereport.R$id: int action_next_week
com.shinymetal.gradereport.R$id: int action_previous_week
com.shinymetal.gradereport.R$id: int action_reload
com.shinymetal.gradereport.R$id: int action_select_date
com.shinymetal.gradereport.R$id: int action_select_pupil
com.shinymetal.gradereport.R$id: int action_settings
com.shinymetal.gradereport.R$id: int fragment_detail
com.shinymetal.gradereport.R$id: int fragment_list
com.shinymetal.gradereport.R$id: int imgLogo
com.shinymetal.gradereport.R$id: int itemAbsent
com.shinymetal.gradereport.R$id: int itemAverage
com.shinymetal.gradereport.R$id: int itemComment
com.shinymetal.gradereport.R$id: int itemDetail
com.shinymetal.gradereport.R$id: int itemHeader
com.shinymetal.gradereport.R$id: int itemHomework
com.shinymetal.gradereport.R$id: int itemMarks
com.shinymetal.gradereport.R$id: int itemName
com.shinymetal.gradereport.R$id: int itemReleased
com.shinymetal.gradereport.R$id: int itemSick
com.shinymetal.gradereport.R$id: int itemTheme
com.shinymetal.gradereport.R$id: int itemTotal
com.shinymetal.gradereport.R$id: int logDate
com.shinymetal.gradereport.R$id: int logText
com.shinymetal.gradereport.R$id: int lvData
com.shinymetal.gradereport.R$id: int pager
com.shinymetal.gradereport.R$id: int pager_title_strip
...
org.jsoup.parser.Token$Character
org.jsoup.parser.Token$Character: java.lang.String data
org.jsoup.parser.Token$Character: Token$Character(java.lang.String)
org.jsoup.parser.Token$Character: java.lang.String getData()
org.jsoup.parser.Token$Character: java.lang.String toString()
org.jsoup.parser.Token$Comment
org.jsoup.parser.Token$Comment: java.lang.StringBuilder data
org.jsoup.parser.Token$Comment: boolean bogus
org.jsoup.parser.Token$Comment: Token$Comment()
org.jsoup.parser.Token$Comment: java.lang.String getData()
org.jsoup.parser.Token$Comment: java.lang.String toString()
org.jsoup.parser.Token$Doctype
org.jsoup.parser.Token$Doctype: java.lang.StringBuilder name
org.jsoup.parser.Token$Doctype: java.lang.StringBuilder publicIdentifier
org.jsoup.parser.Token$Doctype: java.lang.StringBuilder systemIdentifier
org.jsoup.parser.Token$Doctype: boolean forceQuirks
org.jsoup.parser.Token$Doctype: Token$Doctype()
org.jsoup.parser.Token$Doctype: java.lang.String getName()
org.jsoup.parser.Token$Doctype: java.lang.String getPublicIdentifier()
org.jsoup.parser.Token$Doctype: java.lang.String getSystemIdentifier()
org.jsoup.parser.Token$Doctype: boolean isForceQuirks()
org.jsoup.parser.Token$EOF
org.jsoup.parser.Token$EOF: Token$EOF()
org.jsoup.parser.Token$EndTag
org.jsoup.parser.Token$EndTag: Token$EndTag()
org.jsoup.parser.Token$EndTag: Token$EndTag(java.lang.String)
org.jsoup.parser.Token$EndTag: java.lang.String toString()
org.jsoup.parser.Token$StartTag
org.jsoup.parser.Token$StartTag: Token$StartTag()
org.jsoup.parser.Token$StartTag: Token$StartTag(java.lang.String)
org.jsoup.parser.Token$StartTag: Token$StartTag(java.lang.String,org.jsoup.nodes.Attributes)
org.jsoup.parser.Token$StartTag: java.lang.String toString()
org.jsoup.parser.Token$Tag
org.jsoup.parser.Token$Tag: java.lang.String tagName
org.jsoup.parser.Token$Tag: java.lang.String pendingAttributeName
org.jsoup.parser.Token$Tag: java.lang.StringBuilder pendingAttributeValue
org.jsoup.parser.Token$Tag: boolean selfClosing
org.jsoup.parser.Token$Tag: org.jsoup.nodes.Attributes attributes
org.jsoup.parser.Token$Tag: Token$Tag()
org.jsoup.parser.Token$Tag: void newAttribute()
org.jsoup.parser.Token$Tag: void finaliseTag()
org.jsoup.parser.Token$Tag: java.lang.String name()
org.jsoup.parser.Token$Tag: org.jsoup.parser.Token$Tag name(java.lang.String)
org.jsoup.parser.Token$Tag: boolean isSelfClosing()
org.jsoup.parser.Token$Tag: org.jsoup.nodes.Attributes getAttributes()
org.jsoup.parser.Token$Tag: void appendTagName(java.lang.String)
org.jsoup.parser.Token$Tag: void appendTagName(char)
org.jsoup.parser.Token$Tag: void appendAttributeName(java.lang.String)
org.jsoup.parser.Token$Tag: void appendAttributeName(char)
org.jsoup.parser.Token$Tag: void appendAttributeValue(java.lang.String)
org.jsoup.parser.Token$Tag: void appendAttributeValue(char)
org.jsoup.parser.Token$Tag: void appendAttributeValue(char[])
org.jsoup.parser.Token$Tag: void ensureAttributeValue()
org.jsoup.parser.Token$TokenType
org.jsoup.parser.Token$TokenType: org.jsoup.parser.Token$TokenType Doctype
org.jsoup.parser.Token$TokenType: org.jsoup.parser.Token$TokenType StartTag
org.jsoup.parser.Token$TokenType: org.jsoup.parser.Token$TokenType EndTag
org.jsoup.parser.Token$TokenType: org.jsoup.parser.Token$TokenType Comment
org.jsoup.parser.Token$TokenType: org.jsoup.parser.Token$TokenType Character
org.jsoup.parser.Token$TokenType: org.jsoup.parser.Token$TokenType EOF
org.jsoup.parser.Token$TokenType: org.jsoup.parser.Token$TokenType[] $VALUES
org.jsoup.parser.Token$TokenType: org.jsoup.parser.Token$TokenType[] values()
org.jsoup.parser.Token$TokenType: org.jsoup.parser.Token$TokenType valueOf(java.lang.String)
org.jsoup.parser.Token$TokenType: Token$TokenType(java.lang.String,int)
org.jsoup.parser.Token$TokenType: void <clinit>()