proguard/mapping.txt
com.shinymetal.gradereport.AbstractActivity -> com.shinymetal.gradereport.AbstractActivity:
    com.shinymetal.gradereport.AbstractActivity instance -> n
    com.shinymetal.gradereport.utils.DataLoader mGshisLoader -> o
    com.shinymetal.gradereport.LicenseValidatorHelper mLicValidator -> q
    com.shinymetal.gradereport.AbstractActivity$IncomingHandler mHandler -> r
    com.shinymetal.gradereport.DiaryUpdateService mUpdateService -> s
    android.content.ServiceConnection mConnection -> p
    android.os.Handler getHandler() -> f
    void dontAllow(int) -> a
    void doBindService() -> g
    void showAlertDialog(java.lang.String) -> b
    void setRecurringAlarm(android.content.Context,boolean) -> a
    void onCreate(android.os.Bundle) -> onCreate
    void onSaveInstanceState(android.os.Bundle) -> onSaveInstanceState
    void onPause() -> onPause
    void onResume() -> onResume
    void access$0(com.shinymetal.gradereport.AbstractActivity,com.shinymetal.gradereport.DiaryUpdateService) -> a
    com.shinymetal.gradereport.LicenseValidatorHelper access$1(com.shinymetal.gradereport.AbstractActivity) -> a
    void access$2(com.shinymetal.gradereport.AbstractActivity,com.shinymetal.gradereport.LicenseValidatorHelper) -> a
com.shinymetal.gradereport.AbstractActivity$1 -> com.shinymetal.gradereport.a:
    com.shinymetal.gradereport.AbstractActivity this$0 -> a
    void onServiceConnected(android.content.ComponentName,android.os.IBinder) -> onServiceConnected
    void onServiceDisconnected(android.content.ComponentName) -> onServiceDisconnected
com.shinymetal.gradereport.AbstractActivity$2 -> com.shinymetal.gradereport.b:
    boolean mRetry -> a
    com.shinymetal.gradereport.AbstractActivity this$0 -> b
    void onClick(android.content.DialogInterface,int) -> onClick
com.shinymetal.gradereport.AbstractActivity$3 -> com.shinymetal.gradereport.c:
    com.shinymetal.gradereport.AbstractActivity this$0 -> a
    void onClick(android.content.DialogInterface,int) -> onClick
com.shinymetal.gradereport.AbstractActivity$4 -> com.shinymetal.gradereport.d:
    com.shinymetal.gradereport.AbstractActivity this$0 -> a
    void onClick(android.content.DialogInterface,int) -> onClick
com.shinymetal.gradereport.AbstractActivity$IncomingHandler -> com.shinymetal.gradereport.e:
    void handleMessage(android.os.Message) -> handleMessage
com.shinymetal.gradereport.AlarmReceiver -> com.shinymetal.gradereport.AlarmReceiver:
    void onReceive(android.content.Context,android.content.Intent) -> onReceive
com.shinymetal.gradereport.BootEventReceiver -> com.shinymetal.gradereport.BootEventReceiver:
    void onReceive(android.content.Context,android.content.Intent) -> onReceive
com.shinymetal.gradereport.DiaryActivity -> com.shinymetal.gradereport.DiaryActivity:
    com.shinymetal.gradereport.DiaryActivity$LessonsPagerAdapter mSectionsPagerAdapter -> q
    android.support.v4.view.ViewPager mViewPager -> r
    com.shinymetal.gradereport.DiaryActivity$DatePickerFragment mDateSetFragment -> s
    android.widget.Spinner mPupilSpinner -> t
    java.lang.String mPupilName -> u
    com.shinymetal.gradereport.DiaryActivity instance -> v
    int mCurPage -> w
    void onCreate(android.os.Bundle) -> onCreate
    java.lang.String getPupilName() -> h
    void onSaveInstanceState(android.os.Bundle) -> onSaveInstanceState
    boolean onOptionsItemSelected(android.view.MenuItem) -> onOptionsItemSelected
    boolean onCreateOptionsMenu(android.view.Menu) -> onCreateOptionsMenu
    com.shinymetal.gradereport.DiaryActivity access$0() -> i
    android.support.v4.view.ViewPager access$1(com.shinymetal.gradereport.DiaryActivity) -> a
    android.widget.Spinner access$2(com.shinymetal.gradereport.DiaryActivity) -> b
    void access$3(com.shinymetal.gradereport.DiaryActivity,java.lang.String) -> a
...
android.support.v4.view.MotionEventCompat$MotionEventVersionImpl -> android.support.v4.view.ac:
    int findPointerIndex(android.view.MotionEvent,int) -> a
    int getPointerId(android.view.MotionEvent,int) -> b
    float getX(android.view.MotionEvent,int) -> c
    float getY(android.view.MotionEvent,int) -> d
    int getPointerCount(android.view.MotionEvent) -> a
android.support.v4.view.MotionEventCompatEclair -> android.support.v4.view.ad:
    int findPointerIndex(android.view.MotionEvent,int) -> a
    int getPointerId(android.view.MotionEvent,int) -> b
    float getX(android.view.MotionEvent,int) -> c
    float getY(android.view.MotionEvent,int) -> d
    int getPointerCount(android.view.MotionEvent) -> a
android.support.v4.view.PagerAdapter -> android.support.v4.view.ae:
    android.database.DataSetObservable mObservable -> a
    int getCount() -> b
    void startUpdate(android.view.ViewGroup) -> a
    java.lang.Object instantiateItem(android.view.ViewGroup,int) -> a
    void destroyItem(android.view.ViewGroup,int,java.lang.Object) -> a
    void setPrimaryItem(android.view.ViewGroup,int,java.lang.Object) -> b
    void finishUpdate(android.view.ViewGroup) -> b
    void startUpdate(android.view.View) -> a
    java.lang.Object instantiateItem(android.view.View,int) -> a
    void destroyItem(android.view.View,int,java.lang.Object) -> a
    void setPrimaryItem(android.view.View,int,java.lang.Object) -> b
    void finishUpdate(android.view.View) -> b
    boolean isViewFromObject(android.view.View,java.lang.Object) -> a
    android.os.Parcelable saveState() -> a
    void restoreState(android.os.Parcelable,java.lang.ClassLoader) -> a
    int getItemPosition(java.lang.Object) -> a
    void registerDataSetObserver(android.database.DataSetObserver) -> a
    void unregisterDataSetObserver(android.database.DataSetObserver) -> b
    java.lang.CharSequence getPageTitle(int) -> c
    float getPageWidth(int) -> d
android.support.v4.view.PagerTabStrip -> android.support.v4.view.PagerTabStrip:
    int mIndicatorColor -> f
    int mIndicatorHeight -> g
    int mMinPaddingBottom -> h
    int mMinTextSpacing -> i
    int mMinStripHeight -> j
    int mTabPadding -> k
    android.graphics.Paint mTabPaint -> l
    android.graphics.Rect mTempRect -> m
    int mTabAlpha -> n
    boolean mDrawFullUnderline -> o
    boolean mDrawFullUnderlineSet -> p
    int mFullUnderlineHeight -> q
    boolean mIgnoreTap -> r
    float mInitialMotionX -> s
    float mInitialMotionY -> t
    int mTouchSlop -> u
    void setTabIndicatorColor(int) -> setTabIndicatorColor
    void setTabIndicatorColorResource(int) -> setTabIndicatorColorResource
    int getTabIndicatorColor() -> getTabIndicatorColor
    void setPadding(int,int,int,int) -> setPadding
    void setTextSpacing(int) -> setTextSpacing
    void setBackgroundDrawable(android.graphics.drawable.Drawable) -> setBackgroundDrawable
    void setBackgroundColor(int) -> setBackgroundColor
    void setBackgroundResource(int) -> setBackgroundResource
    void setDrawFullUnderline(boolean) -> setDrawFullUnderline
    boolean getDrawFullUnderline() -> getDrawFullUnderline
    int getMinHeight() -> getMinHeight
    boolean onTouchEvent(android.view.MotionEvent) -> onTouchEvent
    void onDraw(android.graphics.Canvas) -> onDraw
    void updateTextPositions(int,float,boolean) -> a
android.support.v4.view.PagerTabStrip$1 -> android.support.v4.view.af:
    android.support.v4.view.PagerTabStrip this$0 -> a
    void onClick(android.view.View) -> onClick
android.support.v4.view.PagerTabStrip$2 -> android.support.v4.view.ag:
    android.support.v4.view.PagerTabStrip this$0 -> a
    void onClick(android.view.View) -> onClick