proguard/usage.txt
com.shinymetal.gradereport.BuildConfig
com.shinymetal.gradereport.DiaryActivity:
    89:90:public void setPupilName(java.lang.String)
com.shinymetal.gradereport.DiaryUpdateService:
    public static final int MSG_TASK_STARTED
    public static final int MSG_TASK_COMPLETED
    public static final int MSG_TASK_FAILED
    public static final int MSG_TASK_IDLE
    public static final int MSG_SET_INT_VALUE
com.shinymetal.gradereport.GradesActivity:
    80:81:public void setPupilName(java.lang.String)
com.shinymetal.gradereport.GradesExpListAdapter:
    44:57:public void onUpdateTaskComplete()
com.shinymetal.gradereport.GradesExpListFragment:
    protected static final java.lang.String ARG_SECTION_NUMBER
    29:29:public com.shinymetal.gradereport.UpdateableAdapter getAdapter()
com.shinymetal.gradereport.GradesPagerAdapter
com.shinymetal.gradereport.LessonsExpListAdapter:
    53:59:public void onUpdateTaskComplete()
com.shinymetal.gradereport.LessonsExpListFragment:
    protected static final java.lang.String ARG_SECTION_NUMBER
    39:39:public com.shinymetal.gradereport.UpdateableAdapter getAdapter()
com.shinymetal.gradereport.LessonsListAdapter:
    50:50:public int getSelectedPosition()
    55:61:public void onUpdateTaskComplete()
com.shinymetal.gradereport.LessonsListFragment:
    protected static final java.lang.String ARG_SECTION_NUMBER
    38:38:public com.shinymetal.gradereport.UpdateableAdapter getAdapter()
com.shinymetal.gradereport.LessonsNestedFragment:
    19:19:public com.shinymetal.gradereport.UpdateableAdapter getAdapter()
com.shinymetal.gradereport.LicenseValidatorHelper:
    private static final java.lang.String BASE64_PUBLIC_KEY
    69:76:public void onDestroy()
com.shinymetal.gradereport.NotificationUtils
com.shinymetal.gradereport.R
com.shinymetal.gradereport.R$array
com.shinymetal.gradereport.R$attr
com.shinymetal.gradereport.R$dimen
com.shinymetal.gradereport.R$drawable
com.shinymetal.gradereport.R$id
com.shinymetal.gradereport.R$layout
com.shinymetal.gradereport.R$menu
com.shinymetal.gradereport.R$string
com.shinymetal.gradereport.R$style
com.shinymetal.gradereport.R$xml
com.shinymetal.gradereport.UpdateableAdapter
com.shinymetal.gradereport.UpdateableFragment
com.shinymetal.gradereport.db.Database:
    private static final java.lang.String DATABASE_NAME
    private static final int DB_VERSION_INITIAL
    private static final int DB_VERSION_W_GRADES
    private static final int DB_VERSION_NETLOGGER
    private static final int DATABASE_VERSION
    19:19:public Database()
com.shinymetal.gradereport.objects.GradeRec:
    public static final java.lang.String TABLE_NAME
    private static final java.lang.String ID_NAME
    private static final java.lang.String FORMTEXT_NAME
    private static final java.lang.String SCHEDULEID_NAME
    private static final java.lang.String START_NAME
    private static final java.lang.String STOP_NAME
    private static final java.lang.String ABSENT_NAME
    private static final java.lang.String RELEASED_NAME
    private static final java.lang.String SICK_NAME
    private static final java.lang.String AVERAGE_NAME
    private static final java.lang.String TOTAL_NAME
    public static final java.lang.String TABLE_CREATE
    private static final java.lang.String SELECTION_GET_ALL
    public static final java.lang.String SELECTION_UPDATE
    public static final java.lang.String SELECTION_GET_ALL_BY_DATE
    public static final java.lang.String SELECTION_GET_BY_DATE_TEXT
    230:260:public static java.util.Set getSet(com.shinymetal.gradereport.objects.Schedule)
...
android.support.v4.app.NavUtils$NavUtilsImplBase
android.support.v4.app.NavUtils$NavUtilsImplJB
android.support.v4.app.NavUtilsJB
android.support.v4.app.NotificationCompat
android.support.v4.app.NotificationCompat$Action
android.support.v4.app.NotificationCompat$BigPictureStyle
android.support.v4.app.NotificationCompat$BigTextStyle
android.support.v4.app.NotificationCompat$Builder
android.support.v4.app.NotificationCompat$InboxStyle
android.support.v4.app.NotificationCompat$NotificationCompatImpl
android.support.v4.app.NotificationCompat$NotificationCompatImplBase
android.support.v4.app.NotificationCompat$NotificationCompatImplHoneycomb
android.support.v4.app.NotificationCompat$NotificationCompatImplIceCreamSandwich
android.support.v4.app.NotificationCompat$NotificationCompatImplJellybean
android.support.v4.app.NotificationCompat$Style
android.support.v4.app.NotificationCompatHoneycomb
android.support.v4.app.NotificationCompatIceCreamSandwich
android.support.v4.app.NotificationCompatJellybean
android.support.v4.app.ServiceCompat
android.support.v4.app.ShareCompat
android.support.v4.app.ShareCompat$IntentBuilder
android.support.v4.app.ShareCompat$IntentReader
android.support.v4.app.ShareCompat$ShareCompatImpl
android.support.v4.app.ShareCompat$ShareCompatImplBase
android.support.v4.app.ShareCompat$ShareCompatImplICS
android.support.v4.app.ShareCompat$ShareCompatImplJB
android.support.v4.app.ShareCompatICS
android.support.v4.app.ShareCompatJB
android.support.v4.app.TaskStackBuilder
android.support.v4.app.TaskStackBuilder$SupportParentable
android.support.v4.app.TaskStackBuilder$TaskStackBuilderImpl
android.support.v4.app.TaskStackBuilder$TaskStackBuilderImplBase
android.support.v4.app.TaskStackBuilder$TaskStackBuilderImplHoneycomb
android.support.v4.app.TaskStackBuilder$TaskStackBuilderImplJellybean
android.support.v4.app.TaskStackBuilderHoneycomb
android.support.v4.app.TaskStackBuilderJellybean
android.support.v4.content.AsyncTaskLoader
android.support.v4.content.AsyncTaskLoader$LoadTask
android.support.v4.content.ContextCompat
android.support.v4.content.ContextCompatHoneycomb
android.support.v4.content.ContextCompatJellybean
android.support.v4.content.CursorLoader
android.support.v4.content.FileProvider:
    private static final java.lang.String META_DATA_FILE_PROVIDER_PATHS
    private static final java.lang.String TAG_ROOT_PATH
    private static final java.lang.String TAG_FILES_PATH
    private static final java.lang.String TAG_CACHE_PATH
    private static final java.lang.String TAG_EXTERNAL
    private static final java.lang.String ATTR_NAME
    private static final java.lang.String ATTR_PATH
    130:131:public static android.net.Uri getUriForFile(android.content.Context,java.lang.String,java.io.File)
android.support.v4.content.FileProvider$PathStrategy:
    public abstract android.net.Uri getUriForFile(java.io.File)
android.support.v4.content.FileProvider$SimplePathStrategy:
    345:375:public android.net.Uri getUriForFile(java.io.File)
android.support.v4.content.IntentCompat
android.support.v4.content.IntentCompat$IntentCompatImpl
android.support.v4.content.IntentCompat$IntentCompatImplBase
android.support.v4.content.IntentCompat$IntentCompatImplHC
android.support.v4.content.IntentCompat$IntentCompatImplIcsMr1
android.support.v4.content.IntentCompatHoneycomb
android.support.v4.content.IntentCompatIcsMr1